<?xml version="1.0" encoding="UTF-8"?>
<!-- Generated by org.testng.reporters.JUnitReportReporter -->
<testsuite hostname="Deepu" failures="0" tests="5" name="testLayer.LoginTestcases" time="50.731" errors="0" timestamp="2023-02-11T14:54:45 EST" skipped="0">
  <testcase classname="testLayer.LoginTestcases" name="title" time="5.503"/>
  <system-out/>
  <testcase classname="testLayer.LoginTestcases" name="login" time="10.386"/>
  <system-out/>
  <testcase classname="testLayer.LoginTestcases" name="login" time="11.555"/>
  <system-out/>
  <testcase classname="testLayer.LoginTestcases" name="login" time="10.206"/>
  <system-out/>
  <testcase classname="testLayer.LoginTestcases" name="login" time="13.081"/>
  <system-out/>
</testsuite> <!-- testLayer.LoginTestcases -->
